build/outputs/logs/manifest-merger-debug-report.txt
-- Merging decision tree log ---
manifest
ADDED from apps/MiddleWare/AndroidManifest.xml:2:1-51:12
	package
		ADDED from apps/MiddleWare/AndroidManifest.xml:3:5-35
	android:sharedUserId
		ADDED from apps/MiddleWare/AndroidManifest.xml:6:5-46
	android:versionName
		ADDED from apps/MiddleWare/AndroidManifest.xml:5:5-30
		INJECTED from apps/MiddleWare/AndroidManifest.xml
		INJECTED from apps/MiddleWare/AndroidManifest.xml
	android:versionCode
		ADDED from apps/MiddleWare/AndroidManifest.xml:4:5-28
		INJECTED from apps/MiddleWare/AndroidManifest.xml
		INJECTED from apps/MiddleWare/AndroidManifest.xml
	xmlns:android
		ADDED from apps/MiddleWare/AndroidManifest.xml:2:11-69
uses-sdk
ADDED from apps/MiddleWare/AndroidManifest.xml:9:5-11:41
MERGED from [com.google.android.gms:play-services-appindexing:8.1.0] AndroidManifest.xml:18:5-42
MERGED from [com.google.android.gms:play-services-basement:8.1.0] AndroidManifest.xml:18:5-42
MERGED from [com.android.support:support-v4:22.2.0] AndroidManifest.xml:20:5-43
	android:targetSdkVersion
		ADDED from apps/MiddleWare/AndroidManifest.xml:11:9-38
	android:minSdkVersion
		ADDED from apps/MiddleWare/AndroidManifest.xml:10:9-35
uses-permission#android.permission.INTERNET
ADDED from apps/MiddleWare/AndroidManifest.xml:13:6-67
	android:name
		ADDED from apps/MiddleWare/AndroidManifest.xml:13:23-65
uses-permission#android.permission.ACCESS_WIFI_STATE
ADDED from apps/MiddleWare/AndroidManifest.xml:14:6-76
	android:name
		ADDED from apps/MiddleWare/AndroidManifest.xml:14:23-74
uses-permission#android.permission.ACCESS_NETWORK_STATE
ADDED from apps/MiddleWare/AndroidManifest.xml:15:6-79
	android:name
		ADDED from apps/MiddleWare/AndroidManifest.xml:15:23-77
uses-permission#android.permission.WRITE_EXTERNAL_STORAGE
ADDED from apps/MiddleWare/AndroidManifest.xml:16:6-81
	android:name
		ADDED from apps/MiddleWare/AndroidManifest.xml:16:23-79
uses-permission#android.permission.ADD_SYSTEM_SERVICE
ADDED from apps/MiddleWare/AndroidManifest.xml:17:6-77
	android:name
		ADDED from apps/MiddleWare/AndroidManifest.xml:17:23-75
uses-permission#android.permission.CHANGE_NETWORK_STATE
ADDED from apps/MiddleWare/AndroidManifest.xml:18:5-78
	android:name
		ADDED from apps/MiddleWare/AndroidManifest.xml:18:22-76
uses-permission#android.permission.CHANGE_WIFI_STATE
ADDED from apps/MiddleWare/AndroidManifest.xml:19:5-75
	android:name
		ADDED from apps/MiddleWare/AndroidManifest.xml:19:22-73
application
ADDED from apps/MiddleWare/AndroidManifest.xml:22:5-49:19
MERGED from [com.google.android.gms:play-services-appindexing:8.1.0] AndroidManifest.xml:19:5-20
MERGED from [com.google.android.gms:play-services-basement:8.1.0] AndroidManifest.xml:20:5-24:19
MERGED from [com.android.support:support-v4:22.2.0] AndroidManifest.xml:22:5-20
	android:label
		ADDED from apps/MiddleWare/AndroidManifest.xml:25:9-41
	android:allowBackup
		ADDED from apps/MiddleWare/AndroidManifest.xml:23:9-35
	android:icon
		ADDED from apps/MiddleWare/AndroidManifest.xml:24:9-45
	android:theme
		ADDED from apps/MiddleWare/AndroidManifest.xml:26:9-40
activity#com.njupt.middleware.MainActivity
ADDED from apps/MiddleWare/AndroidManifest.xml:27:9-36:20
	android:label
		ADDED from apps/MiddleWare/AndroidManifest.xml:29:13-45
	android:launchMode
		ADDED from apps/MiddleWare/AndroidManifest.xml:30:13-48
	android:name
		ADDED from apps/MiddleWare/AndroidManifest.xml:28:13-61
intent-filter#android.intent.action.MAIN+android.intent.category.LAUNCHER
ADDED from apps/MiddleWare/AndroidManifest.xml:31:13-35:29
action#android.intent.action.MAIN
ADDED from apps/MiddleWare/AndroidManifest.xml:32:17-69
	android:name
		ADDED from apps/MiddleWare/AndroidManifest.xml:32:25-66
category#android.intent.category.LAUNCHER
ADDED from apps/MiddleWare/AndroidManifest.xml:34:17-77
	android:name
		ADDED from apps/MiddleWare/AndroidManifest.xml:34:27-74
activity#com.njupt.middleware.SetUpDeviceActivity
ADDED from apps/MiddleWare/AndroidManifest.xml:37:9-40:20
	android:theme
		ADDED from apps/MiddleWare/AndroidManifest.xml:39:13-60
	android:name
		ADDED from apps/MiddleWare/AndroidManifest.xml:38:13-68
activity#com.njupt.middleware.ListActivity
ADDED from apps/MiddleWare/AndroidManifest.xml:41:9-44:20
	android:theme
		ADDED from apps/MiddleWare/AndroidManifest.xml:43:13-60
	android:name
		ADDED from apps/MiddleWare/AndroidManifest.xml:42:13-61
meta-data#com.google.android.gms.version
ADDED from apps/MiddleWare/AndroidManifest.xml:46:9-48:68
MERGED from [com.google.android.gms:play-services-basement:8.1.0] AndroidManifest.xml:21:9-23:69
	android:value
		ADDED from apps/MiddleWare/AndroidManifest.xml:48:13-66
	android:name
		ADDED from apps/MiddleWare/AndroidManifest.xml:47:13-58